TN:
SF:/Volumes/Development/pessoal/elioseverojunior/rust/rust-yaml/src/composer.rs
FN:38,BasicComposer::new
FN:48,BasicComposer::new_eager
FN:57,BasicComposer::compose_node
FN:148,BasicComposer::compose_scalar
FN:187,BasicComposer::compose_sequence
FN:221,BasicComposer::compose_mapping
FN:267,BasicComposer::process_merge_key
FN:311,<impl Composer for BasicComposer>::check_document
FN:320,<impl Composer for BasicComposer>::compose_document
FN:345,<impl Composer for BasicComposer>::position
FN:349,<impl Composer for BasicComposer>::reset
FN:356,<impl Default for BasicComposer>::default
FNF:12
FNDA:0,BasicComposer::new
FNDA:57,BasicComposer::new_eager
FNDA:296,BasicComposer::compose_node
FNDA:149,BasicComposer::compose_scalar
FNDA:7,BasicComposer::compose_sequence
FNDA:25,BasicComposer::compose_mapping
FNDA:1,BasicComposer::process_merge_key
FNDA:6,<impl Composer for BasicComposer>::check_document
FNDA:58,<impl Composer for BasicComposer>::compose_document
FNDA:0,<impl Composer for BasicComposer>::position
FNDA:0,<impl Composer for BasicComposer>::reset
FNDA:0,<impl Default for BasicComposer>::default
DA:38,0
DA:40,0
DA:41,0
DA:42,0
DA:48,57
DA:50,171
DA:51,57
DA:52,57
DA:57,296
DA:58,296
DA:59,0
DA:62,888
DA:63,0
DA:71,56
DA:76,112
DA:81,0
DA:85,149
DA:86,149
DA:87,149
DA:90,745
DA:93,1
DA:100,7
DA:101,21
DA:104,0
DA:105,0
DA:113,25
DA:114,75
DA:117,2
DA:118,2
DA:131,0
DA:134,3
DA:136,6
DA:137,6
DA:138,0
DA:139,0
DA:140,0
DA:148,149
DA:150,149
DA:152,36
DA:154,113
DA:160,226
DA:161,0
DA:165,27
DA:170,89
DA:175,83
DA:176,235
DA:177,202
DA:178,128
DA:179,57
DA:187,7
DA:188,14
DA:190,50
DA:192,75
DA:193,19
DA:195,12
DA:196,6
DA:197,18
DA:198,19
DA:204,1
DA:209,36
DA:213,0
DA:217,7
DA:221,25
DA:222,50
DA:224,158
DA:226,237
DA:227,54
DA:229,50
DA:230,25
DA:231,54
DA:232,54
DA:238,0
DA:243,108
DA:244,0
DA:248,54
DA:251,54
DA:254,4
DA:255,1
DA:259,53
DA:262,25
DA:267,1
DA:272,1
DA:274,1
DA:275,5
DA:277,4
DA:282,0
DA:283,0
DA:284,0
DA:285,0
DA:287,0
DA:290,0
DA:291,0
DA:292,0
DA:299,0
DA:300,0
DA:301,0
DA:306,1
DA:311,6
DA:313,18
DA:314,5
DA:316,0
DA:320,58
DA:322,180
DA:323,58
DA:324,4
DA:326,58
DA:331,116
DA:334,339
DA:335,58
DA:336,110
DA:338,58
DA:342,58
DA:345,0
DA:346,0
DA:349,0
DA:350,0
DA:351,0
DA:356,0
DA:357,0
LF:119
LH:83
end_of_record
TN:
SF:/Volumes/Development/pessoal/elioseverojunior/rust/rust-yaml/src/constructor.rs
FN:26,SafeConstructor::new
FN:35,SafeConstructor::from_composer
FN:42,SafeConstructor::validate_value
FN:72,SafeConstructor::apply_safety_rules
FN:118,<impl Default for SafeConstructor>::default
FN:124,<impl Constructor for SafeConstructor>::construct
FN:138,<impl Constructor for SafeConstructor>::check_data
FN:142,<impl Constructor for SafeConstructor>::reset
FNF:8
FNDA:45,SafeConstructor::new
FNDA:0,SafeConstructor::from_composer
FNDA:132,SafeConstructor::validate_value
FNDA:132,SafeConstructor::apply_safety_rules
FNDA:0,<impl Default for SafeConstructor>::default
FNDA:46,<impl Constructor for SafeConstructor>::construct
FNDA:5,<impl Constructor for SafeConstructor>::check_data
FNDA:0,<impl Constructor for SafeConstructor>::reset
DA:26,45
DA:28,135
DA:29,90
DA:35,0
DA:36,0
DA:42,132
DA:43,132
DA:46,112
DA:50,4
DA:51,16
DA:52,24
DA:53,50
DA:55,4
DA:59,16
DA:60,32
DA:61,130
DA:62,152
DA:63,38
DA:66,16
DA:72,132
DA:73,69
DA:75,138
DA:76,0
DA:77,0
DA:81,12
DA:82,0
DA:83,0
DA:87,48
DA:88,0
DA:89,0
DA:93,4
DA:95,24
DA:96,50
DA:98,4
DA:101,16
DA:103,130
DA:104,152
DA:105,38
DA:108,16
DA:112,112
DA:118,0
DA:119,0
DA:124,46
DA:126,138
DA:127,92
DA:128,0
DA:132,184
DA:133,46
DA:138,5
DA:139,10
DA:142,0
DA:143,0
DA:144,0
LF:53
LH:39
end_of_record
TN:
SF:/Volumes/Development/pessoal/elioseverojunior/rust/rust-yaml/src/emitter.rs
FN:47,BasicEmitter::new
FN:58,BasicEmitter::with_indent
FN:69,BasicEmitter::with_indent_style
FN:84,BasicEmitter::analyze_shared_values
FN:105,BasicEmitter::count_value_occurrences
FN:129,BasicEmitter::is_complex_value
FN:134,BasicEmitter::next_anchor_name
FN:141,BasicEmitter::set_indent_style
FN:150,BasicEmitter::write_indent
FN:169,BasicEmitter::emit_leading_comments
FN:178,BasicEmitter::emit_trailing_comment
FN:184,BasicEmitter::emit_inner_comments
FN:194,BasicEmitter::emit_scalar
FN:199,BasicEmitter::emit_scalar_with_comments
FN:209,BasicEmitter::emit_scalar_with_comments_and_style
FN:257,BasicEmitter::emit_string
FN:262,BasicEmitter::emit_string_with_style
FN:285,BasicEmitter::needs_quoting
FN:336,BasicEmitter::emit_double_quoted_string
FN:354,BasicEmitter::emit_single_quoted_string
FN:367,BasicEmitter::emit_quoted_string
FN:372,BasicEmitter::emit_sequence
FN:399,BasicEmitter::emit_mapping_with_anchor
FN:465,BasicEmitter::emit_mapping
FN:524,BasicEmitter::emit_value
FN:559,BasicEmitter::emit_value_simple
FN:568,BasicEmitter::emit_commented_value
FN:614,<impl Default for BasicEmitter>::default
FN:620,<impl Emitter for BasicEmitter>::emit
FN:635,<impl Emitter for BasicEmitter>::emit_commented
FN:650,<impl Emitter for BasicEmitter>::emit_with_style
FN:680,<impl Emitter for BasicEmitter>::reset
FNF:32
FNDA:6,BasicEmitter::new
FNDA:27,BasicEmitter::with_indent
FNDA:0,BasicEmitter::with_indent_style
FNDA:33,BasicEmitter::analyze_shared_values
FNDA:114,BasicEmitter::count_value_occurrences
FNDA:116,BasicEmitter::is_complex_value
FNDA:0,BasicEmitter::next_anchor_name
FNDA:0,BasicEmitter::set_indent_style
FNDA:42,BasicEmitter::write_indent
FNDA:0,BasicEmitter::emit_leading_comments
FNDA:0,BasicEmitter::emit_trailing_comment
FNDA:0,BasicEmitter::emit_inner_comments
FNDA:55,BasicEmitter::emit_scalar
FNDA:55,BasicEmitter::emit_scalar_with_comments
FNDA:55,BasicEmitter::emit_scalar_with_comments_and_style
FNDA:28,BasicEmitter::emit_string
FNDA:54,BasicEmitter::emit_string_with_style
FNDA:54,BasicEmitter::needs_quoting
FNDA:14,BasicEmitter::emit_double_quoted_string
FNDA:0,BasicEmitter::emit_single_quoted_string
FNDA:0,BasicEmitter::emit_quoted_string
FNDA:5,BasicEmitter::emit_sequence
FNDA:1,BasicEmitter::emit_mapping_with_anchor
FNDA:11,BasicEmitter::emit_mapping
FNDA:44,BasicEmitter::emit_value
FNDA:0,BasicEmitter::emit_value_simple
FNDA:0,BasicEmitter::emit_commented_value
FNDA:0,<impl Default for BasicEmitter>::default
FNDA:33,<impl Emitter for BasicEmitter>::emit
FNDA:0,<impl Emitter for BasicEmitter>::emit_commented
FNDA:0,<impl Emitter for BasicEmitter>::emit_with_style
FNDA:0,<impl Emitter for BasicEmitter>::reset
DA:47,6
DA:51,6
DA:53,6
DA:58,27
DA:62,27
DA:64,27
DA:69,0
DA:70,0
DA:71,0
DA:72,0
DA:77,0
DA:84,33
DA:85,66
DA:86,132
DA:89,67
DA:90,8
DA:91,8
DA:92,4
DA:93,6
DA:94,2
DA:95,2
DA:96,2
DA:97,2
DA:105,114
DA:107,362
DA:108,80
DA:112,114
DA:113,6
DA:114,40
DA:118,14
DA:119,78
DA:124,94
DA:129,116
DA:130,210
DA:134,0
DA:135,0
DA:136,0
DA:137,0
DA:141,0
DA:142,0
DA:143,0
DA:144,0
DA:146,0
DA:150,42
DA:151,42
DA:152,42
DA:153,0
DA:154,0
DA:155,180
DA:158,0
DA:159,0
DA:160,0
DA:161,0
DA:165,42
DA:169,0
DA:170,0
DA:171,0
DA:172,0
DA:174,0
DA:178,0
DA:179,0
DA:180,0
DA:184,0
DA:185,0
DA:186,0
DA:187,0
DA:188,0
DA:190,0
DA:194,55
DA:195,275
DA:199,55
DA:205,330
DA:209,55
DA:217,55
DA:218,0
DA:222,55
DA:223,2
DA:224,28
DA:225,72
DA:226,2
DA:228,4
DA:229,0
DA:230,2
DA:231,0
DA:232,0
DA:234,0
DA:237,2
DA:240,26
DA:241,130
DA:243,0
DA:247,55
DA:248,0
DA:249,0
DA:253,55
DA:257,28
DA:258,140
DA:262,54
DA:268,0
DA:269,0
DA:270,0
DA:271,0
DA:273,54
DA:275,56
DA:277,40
DA:278,40
DA:285,54
DA:286,108
DA:287,1
DA:292,52
DA:293,52
DA:294,50
DA:295,49
DA:296,48
DA:297,47
DA:298,46
DA:299,45
DA:300,44
DA:302,10
DA:307,241
DA:310,1
DA:315,42
DA:316,42
DA:317,42
DA:318,42
DA:319,42
DA:320,42
DA:321,42
DA:322,41
DA:323,41
DA:324,41
DA:325,41
DA:326,41
DA:327,40
DA:329,2
DA:336,14
DA:337,42
DA:338,77
DA:339,63
DA:340,0
DA:341,0
DA:342,0
DA:343,0
DA:344,0
DA:345,126
DA:346,63
DA:349,14
DA:350,14
DA:354,0
DA:355,0
DA:356,0
DA:357,0
DA:358,0
DA:359,0
DA:362,0
DA:363,0
DA:367,0
DA:368,0
DA:372,5
DA:373,10
DA:374,0
DA:375,0
DA:378,33
DA:379,28
DA:380,14
DA:381,14
DA:383,14
DA:384,0
DA:385,1
DA:386,0
DA:387,1
DA:389,0
DA:390,52
DA:395,5
DA:399,1
DA:405,2
DA:406,0
DA:407,0
DA:414,0
DA:416,1
DA:417,7
DA:418,2
DA:419,1
DA:421,2
DA:423,0
DA:426,4
DA:428,0
DA:430,0
DA:431,0
DA:432,0
DA:433,0
DA:436,2
DA:437,2
DA:438,0
DA:440,0
DA:441,0
DA:446,2
DA:448,2
DA:449,0
DA:450,0
DA:451,0
DA:452,0
DA:453,0
DA:455,0
DA:456,8
DA:461,1
DA:465,11
DA:470,22
DA:471,0
DA:472,0
DA:475,0
DA:476,89
DA:477,26
DA:478,15
DA:480,26
DA:482,0
DA:485,52
DA:487,0
DA:489,0
DA:490,0
DA:491,0
DA:492,0
DA:495,26
DA:496,26
DA:497,0
DA:499,0
DA:500,0
DA:505,26
DA:507,26
DA:508,0
DA:509,10
DA:510,10
DA:511,0
DA:512,10
DA:514,0
DA:515,64
DA:520,11
DA:524,44
DA:526,137
DA:527,0
DA:529,2
DA:530,1
DA:531,0
DA:532,1
DA:534,1
DA:535,5
DA:537,0
DA:540,4
DA:541,0
DA:545,3
DA:549,39
DA:550,4
DA:551,55
DA:552,96
DA:555,44
DA:559,0
DA:560,0
DA:561,0
DA:562,0
DA:563,0
DA:568,0
DA:573,0
DA:574,0
DA:576,0
DA:579,0
DA:581,0
DA:582,0
DA:584,0
DA:585,0
DA:587,0
DA:590,0
DA:591,0
DA:592,0
DA:593,0
DA:594,0
DA:598,0
DA:600,0
DA:601,0
DA:602,0
DA:603,0
DA:604,0
DA:609,0
DA:614,0
DA:615,0
DA:620,33
DA:622,33
DA:623,66
DA:624,33
DA:627,99
DA:630,132
DA:631,33
DA:632,33
DA:635,0
DA:637,0
DA:638,0
DA:639,0
DA:642,0
DA:645,0
DA:646,0
DA:647,0
DA:650,0
DA:657,0
DA:658,0
DA:661,0
DA:662,0
DA:663,0
DA:666,0
DA:669,0
DA:670,0
DA:671,0
DA:675,0
DA:677,0
DA:680,0
DA:681,0
DA:682,0
DA:683,0
LF:315
LH:159
end_of_record
TN:
SF:/Volumes/Development/pessoal/elioseverojunior/rust/rust-yaml/src/error.rs
FN:24,ErrorContext::new
FN:34,ErrorContext::with_suggestion
FN:40,ErrorContext::with_surrounding_lines
FN:46,ErrorContext::from_input
FN:210,Error::parse
FN:219,Error::parse_with_context
FN:232,Error::scan
FN:241,Error::scan_with_context
FN:254,Error::construction
FN:263,Error::construction_with_context
FN:276,Error::emission
FN:283,Error::type_error
FN:297,Error::type_error_with_context
FN:312,Error::value_error
FN:321,Error::value_error_with_context
FN:334,Error::config_error
FN:341,Error::config
FN:348,Error::multiple
FN:356,Error::indentation
FN:366,Error::indentation_with_context
FN:381,Error::invalid_character
FN:395,Error::invalid_character_with_context
FN:410,Error::unclosed_delimiter
FN:424,Error::unclosed_delimiter_with_context
FN:439,Error::position
FN:460,Error::context
FN:493,<impl From for Error>::from
FN:504,Error::format_with_context
FN:547,<impl Display for Error>::fmt
FNF:29
FNDA:0,ErrorContext::new
FNDA:0,ErrorContext::with_suggestion
FNDA:0,ErrorContext::with_surrounding_lines
FNDA:0,ErrorContext::from_input
FNDA:3,Error::parse
FNDA:0,Error::parse_with_context
FNDA:0,Error::scan
FNDA:0,Error::scan_with_context
FNDA:0,Error::construction
FNDA:0,Error::construction_with_context
FNDA:0,Error::emission
FNDA:0,Error::type_error
FNDA:0,Error::type_error_with_context
FNDA:0,Error::value_error
FNDA:0,Error::value_error_with_context
FNDA:0,Error::config_error
FNDA:1,Error::config
FNDA:0,Error::multiple
FNDA:0,Error::indentation
FNDA:0,Error::indentation_with_context
FNDA:0,Error::invalid_character
FNDA:0,Error::invalid_character_with_context
FNDA:0,Error::unclosed_delimiter
FNDA:0,Error::unclosed_delimiter_with_context
FNDA:2,Error::position
FNDA:0,Error::context
FNDA:0,<impl From for Error>::from
FNDA:2,Error::format_with_context
FNDA:2,<impl Display for Error>::fmt
DA:24,0
DA:29,0
DA:34,0
DA:35,0
DA:36,0
DA:40,0
DA:41,0
DA:42,0
DA:46,0
DA:47,0
DA:48,0
DA:50,0
DA:51,0
DA:52,0
DA:53,0
DA:55,0
DA:58,0
DA:59,0
DA:60,0
DA:66,0
DA:67,0
DA:68,0
DA:75,0
DA:210,3
DA:213,6
DA:219,0
DA:226,0
DA:227,0
DA:232,0
DA:235,0
DA:241,0
DA:248,0
DA:249,0
DA:254,0
DA:257,0
DA:263,0
DA:270,0
DA:271,0
DA:276,0
DA:278,0
DA:283,0
DA:289,0
DA:290,0
DA:297,0
DA:304,0
DA:305,0
DA:307,0
DA:312,0
DA:315,0
DA:321,0
DA:328,0
DA:329,0
DA:334,0
DA:336,0
DA:341,1
DA:343,1
DA:348,0
DA:351,0
DA:356,0
DA:366,0
DA:376,0
DA:381,0
DA:389,0
DA:395,0
DA:404,0
DA:405,0
DA:410,0
DA:418,0
DA:424,0
DA:433,0
DA:434,0
DA:439,2
DA:440,2
DA:441,1
DA:442,0
DA:443,0
DA:444,0
DA:445,0
DA:446,0
DA:447,1
DA:449,0
DA:450,0
DA:455,1
DA:460,0
DA:461,0
DA:462,0
DA:463,0
DA:464,0
DA:465,0
DA:466,0
DA:467,0
DA:468,0
DA:469,0
DA:470,0
DA:476,0
DA:478,0
DA:479,0
DA:485,0
DA:487,0
DA:493,0
DA:495,0
DA:504,2
DA:512,2
DA:513,2
DA:519,2
DA:520,0
DA:523,0
DA:524,0
DA:528,0
DA:529,0
DA:530,0
DA:531,0
DA:533,0
DA:536,0
DA:537,0
DA:538,0
DA:542,2
DA:547,2
DA:548,2
DA:550,2
DA:555,0
DA:556,0
DA:557,0
DA:558,0
DA:559,0
DA:560,0
DA:561,0
DA:562,0
DA:565,0
DA:566,0
DA:567,0
DA:568,0
DA:569,0
DA:570,0
DA:571,0
DA:572,0
DA:575,0
DA:576,0
DA:577,0
DA:578,0
DA:580,0
DA:581,0
DA:584,0
DA:585,0
DA:586,0
DA:587,0
DA:588,0
DA:589,0
DA:590,0
DA:591,0
DA:594,0
DA:595,0
DA:596,0
DA:597,0
DA:599,0
DA:603,0
DA:606,0
DA:607,0
DA:608,0
DA:609,0
DA:611,0
DA:615,0
DA:618,0
DA:619,0
DA:620,0
DA:621,0
DA:623,0
DA:627,0
DA:629,0
DA:630,0
DA:631,0
DA:632,0
DA:634,0
DA:636,0
DA:637,0
DA:639,0
DA:640,0
DA:642,0
DA:643,0
DA:645,0
DA:646,0
LF:181
LH:17
end_of_record
TN:
SF:/Volumes/Development/pessoal/elioseverojunior/rust/rust-yaml/src/parser/events.rs
FN:105,Event::new
FN:113,Event::stream_start
FN:118,Event::stream_end
FN:123,Event::document_start
FN:140,Event::document_end
FN:145,Event::scalar
FN:168,Event::sequence_start
FN:185,Event::sequence_end
FN:190,Event::mapping_start
FN:207,Event::mapping_end
FN:212,Event::alias
FN:217,Event::is_collection_start
FN:225,Event::is_collection_end
FN:233,Event::is_document_boundary
FN:242,<impl Display for Event>::fmt
FN:285,<impl Display for ScalarStyle>::fmt
FNF:16
FNDA:734,Event::new
FNDA:77,Event::stream_start
FNDA:75,Event::stream_end
FNDA:77,Event::document_start
FNDA:72,Event::document_end
FNDA:288,Event::scalar
FNDA:13,Event::sequence_start
FNDA:12,Event::sequence_end
FNDA:58,Event::mapping_start
FNDA:54,Event::mapping_end
FNDA:8,Event::alias
FNDA:3,Event::is_collection_start
FNDA:2,Event::is_collection_end
FNDA:1,Event::is_document_boundary
FNDA:1,<impl Display for Event>::fmt
FNDA:0,<impl Display for ScalarStyle>::fmt
DA:105,734
DA:113,77
DA:114,231
DA:118,75
DA:119,225
DA:123,77
DA:130,77
DA:131,154
DA:132,77
DA:133,77
DA:135,77
DA:140,72
DA:141,216
DA:145,288
DA:155,288
DA:156,576
DA:157,576
DA:158,576
DA:159,576
DA:160,288
DA:161,288
DA:163,288
DA:168,13
DA:175,13
DA:176,26
DA:177,13
DA:178,13
DA:180,13
DA:185,12
DA:186,36
DA:190,58
DA:197,58
DA:198,116
DA:199,58
DA:200,58
DA:202,58
DA:207,54
DA:208,162
DA:212,8
DA:213,24
DA:217,3
DA:218,2
DA:219,3
DA:225,2
DA:226,1
DA:227,2
DA:233,1
DA:234,0
DA:235,1
DA:242,1
DA:243,1
DA:244,0
DA:245,0
DA:246,0
DA:247,0
DA:248,0
DA:250,0
DA:253,0
DA:254,0
DA:255,0
DA:257,0
DA:260,2
DA:261,3
DA:263,0
DA:264,0
DA:265,0
DA:267,0
DA:270,0
DA:271,0
DA:272,0
DA:273,0
DA:275,0
DA:278,0
DA:279,0
DA:285,0
DA:286,0
DA:287,0
DA:288,0
DA:289,0
DA:290,0
DA:291,0
LF:81
LH:52
end_of_record
TN:
SF:/Volumes/Development/pessoal/elioseverojunior/rust/rust-yaml/src/parser/mod.rs
FN:68,BasicParser::new
FN:86,BasicParser::new_eager
FN:109,BasicParser::from_scanner
FN:129,BasicParser::parse_all
FN:156,BasicParser::validate_final_state
FN:199,BasicParser::generate_next_event
FN:209,BasicParser::process_token
FN:678,BasicParser::handle_node_completion
FN:706,<impl Default for BasicParser>::default
FN:712,<impl Parser for BasicParser>::check_event
FN:717,<impl Parser for BasicParser>::peek_event
FN:722,<impl Parser for BasicParser>::get_event
FN:737,<impl Parser for BasicParser>::reset
FN:747,<impl Parser for BasicParser>::position
FNF:14
FNDA:1,BasicParser::new
FNDA:75,BasicParser::new_eager
FNDA:0,BasicParser::from_scanner
FNDA:75,BasicParser::parse_all
FNDA:75,BasicParser::validate_final_state
FNDA:4,BasicParser::generate_next_event
FNDA:762,BasicParser::process_token
FNDA:317,BasicParser::handle_node_completion
FNDA:0,<impl Default for BasicParser>::default
FNDA:678,<impl Parser for BasicParser>::check_event
FNDA:283,<impl Parser for BasicParser>::peek_event
FNDA:659,<impl Parser for BasicParser>::get_event
FNDA:0,<impl Parser for BasicParser>::reset
FNDA:0,<impl Parser for BasicParser>::position
DA:68,1
DA:69,3
DA:70,3
DA:74,2
DA:77,2
DA:86,75
DA:87,225
DA:88,225
DA:92,150
DA:95,150
DA:103,300
DA:105,75
DA:109,0
DA:110,0
DA:114,0
DA:117,0
DA:124,0
DA:125,0
DA:129,75
DA:130,1666
DA:131,2274
DA:132,1516
DA:133,0
DA:136,758
DA:137,2274
DA:141,75
DA:144,75
DA:145,75
DA:146,75
DA:147,724
DA:149,0
DA:156,75
DA:157,75
DA:160,75
DA:163,0
DA:165,0
DA:167,0
DA:168,0
DA:169,0
DA:170,0
DA:171,0
DA:175,0
DA:177,0
DA:179,0
DA:180,0
DA:181,0
DA:182,0
DA:183,0
DA:187,0
DA:188,0
DA:189,0
DA:190,0
DA:191,0
DA:192,0
DA:199,4
DA:200,12
DA:202,0
DA:204,4
DA:209,762
DA:211,2286
DA:213,762
DA:214,76
DA:215,76
DA:216,76
DA:221,4
DA:222,75
DA:225,142
DA:226,142
DA:228,300
DA:229,75
DA:234,1
DA:235,2
DA:238,2
DA:239,2
DA:241,6
DA:242,2
DA:243,2
DA:244,2
DA:247,2
DA:250,0
DA:251,0
DA:252,0
DA:253,0
DA:257,8
DA:258,4
DA:259,2
DA:260,1
DA:261,1
DA:262,1
DA:267,1
DA:268,4
DA:271,9
DA:274,12
DA:275,4
DA:276,8
DA:277,8
DA:280,4
DA:286,92
DA:289,12
DA:294,5
DA:299,1
DA:303,34
DA:304,12
DA:308,46
DA:310,78
DA:311,88
DA:312,44
DA:313,22
DA:314,22
DA:315,22
DA:320,78
DA:321,51
DA:324,117
DA:325,39
DA:326,78
DA:327,78
DA:330,39
DA:333,13
DA:334,6
DA:335,0
DA:348,16
DA:349,16
DA:350,8
DA:351,4
DA:352,4
DA:353,4
DA:356,24
DA:357,8
DA:358,16
DA:359,16
DA:362,8
DA:366,26
DA:367,24
DA:368,12
DA:369,6
DA:370,6
DA:371,6
DA:374,39
DA:375,13
DA:376,26
DA:377,26
DA:380,13
DA:383,8
DA:384,40
DA:385,16
DA:388,8
DA:391,15
DA:392,75
DA:393,30
DA:396,15
DA:401,48
DA:403,12
DA:405,6
DA:408,0
DA:414,39
DA:416,22
DA:419,17
DA:422,6
DA:426,564
DA:427,564
DA:428,164
DA:429,82
DA:430,82
DA:431,41
DA:432,41
DA:434,41
DA:438,553
DA:439,33
DA:440,11
DA:443,30
DA:444,24
DA:445,12
DA:446,18
DA:447,12
DA:448,6
DA:450,6
DA:456,564
DA:457,239
DA:458,29
DA:459,14
DA:462,846
DA:463,282
DA:464,564
DA:465,564
DA:466,564
DA:467,282
DA:468,282
DA:469,282
DA:473,564
DA:476,2
DA:477,4
DA:478,0
DA:479,0
DA:480,0
DA:481,0
DA:482,0
DA:484,0
DA:487,6
DA:488,2
DA:489,4
DA:490,4
DA:491,4
DA:494,2
DA:498,4
DA:501,2
DA:502,4
DA:503,0
DA:504,0
DA:505,0
DA:506,0
DA:507,0
DA:509,0
DA:512,6
DA:513,2
DA:514,4
DA:515,4
DA:516,4
DA:519,2
DA:523,4
DA:529,11
DA:530,11
DA:534,0
DA:537,0
DA:538,0
DA:543,0
DA:544,0
DA:545,0
DA:546,0
DA:547,0
DA:548,0
DA:553,0
DA:554,0
DA:555,0
DA:556,0
DA:559,0
DA:566,127
DA:567,106
DA:568,106
DA:570,0
DA:571,0
DA:573,21
DA:580,17
DA:584,14
DA:586,14
DA:589,8
DA:590,16
DA:591,0
DA:592,0
DA:593,0
DA:594,0
DA:595,0
DA:597,0
DA:601,8
DA:602,40
DA:605,16
DA:608,22
DA:610,22
DA:614,0
DA:620,0
DA:621,0
DA:623,0
DA:624,0
DA:625,0
DA:626,0
DA:627,0
DA:629,0
DA:630,0
DA:631,0
DA:632,0
DA:633,0
DA:635,0
DA:637,0
DA:639,0
DA:640,0
DA:641,0
DA:642,0
DA:643,0
DA:645,0
DA:649,0
DA:650,0
DA:652,0
DA:656,0
DA:657,0
DA:659,0
DA:661,0
DA:662,0
DA:663,0
DA:664,0
DA:672,762
DA:678,317
DA:679,317
DA:680,101
DA:685,0
DA:690,93
DA:692,93
DA:694,0
DA:696,0
DA:698,123
DA:706,0
DA:707,0
DA:712,678
DA:714,1375
DA:717,283
DA:719,566
DA:722,659
DA:724,1326
DA:725,8
DA:728,659
DA:729,1974
DA:730,658
DA:731,658
DA:733,1
DA:737,0
DA:738,0
DA:739,0
DA:740,0
DA:741,0
DA:742,0
DA:743,0
DA:744,0
DA:747,0
DA:748,0
LF:322
LH:207
end_of_record
TN:
SF:/Volumes/Development/pessoal/elioseverojunior/rust/rust-yaml/src/parser/optimizations.rs
FNF:0
DA:272,0
DA:273,0
DA:276,0
LF:3
LH:0
end_of_record
TN:
SF:/Volumes/Development/pessoal/elioseverojunior/rust/rust-yaml/src/position.rs
FN:18,Position::new
FN:27,Position::at
FN:36,Position::start
FN:41,Position::advance
FN:50,Position::advance_str
FN:58,Position::advance_by
FN:71,<impl Display for Position>::fmt
FN:77,<impl Default for Position>::default
FN:89,<impl Serialize for Position>::serialize
FN:116,<impl Deserialize for Position>::deserialize
FN:119,<impl Deserialize for Position>::deserialize::<impl Visitor for PositionVisitor>::expecting
FN:123,<impl Deserialize for Position>::deserialize::<impl Visitor for PositionVisitor>::visit_map
FNF:12
FNDA:213,Position::new
FNDA:4617,Position::at
FNDA:153,Position::start
FNDA:4609,Position::advance
FNDA:1,Position::advance_str
FNDA:0,Position::advance_by
FNDA:1,<impl Display for Position>::fmt
FNDA:0,<impl Default for Position>::default
FNDA:0,<impl Serialize for Position>::serialize
FNDA:0,<impl Deserialize for Position>::deserialize
FNDA:0,<impl Deserialize for Position>::deserialize::<impl Visitor for PositionVisitor>::expecting
FNDA:0,<impl Deserialize for Position>::deserialize::<impl Visitor for PositionVisitor>::visit_map
DA:18,213
DA:27,4617
DA:36,153
DA:37,153
DA:41,4609
DA:42,4609
DA:43,812
DA:45,4406
DA:50,1
DA:51,13
DA:54,1
DA:58,0
DA:59,0
DA:60,0
DA:61,0
DA:63,0
DA:65,0
DA:66,0
DA:71,1
DA:72,3
DA:77,0
DA:78,0
DA:89,0
DA:90,0
DA:91,0
DA:92,0
DA:93,0
DA:116,0
DA:119,0
DA:120,0
DA:123,0
DA:127,0
DA:128,0
DA:129,0
DA:130,0
DA:131,0
DA:132,0
DA:133,0
DA:134,0
DA:136,0
DA:138,0
DA:139,0
DA:140,0
DA:142,0
DA:144,0
DA:145,0
DA:146,0
DA:148,0
DA:152,0
DA:153,0
DA:154,0
DA:155,0
DA:160,0
LF:53
LH:13
end_of_record
TN:
SF:/Volumes/Development/pessoal/elioseverojunior/rust/rust-yaml/src/profiling.rs
FN:16,YamlProfiler::new
FN:25,YamlProfiler::is_enabled
FN:30,YamlProfiler::enable
FN:35,YamlProfiler::disable
FN:40,YamlProfiler::time_operation
FN:61,YamlProfiler::record_memory
FN:70,YamlProfiler::average_time
FN:81,YamlProfiler::total_time
FN:87,YamlProfiler::memory_usage
FN:92,YamlProfiler::operations
FN:99,YamlProfiler::clear
FN:105,YamlProfiler::report
FN:140,<impl Default for YamlProfiler>::default
FN:154,StringInterner::new
FN:162,StringInterner::intern
FN:173,StringInterner::contains
FN:181,StringInterner::stats
FN:189,<impl Default for StringInterner>::default
FN:203,ObjectPool<T>::new
FN:211,ObjectPool<T>::with_capacity
FN:219,ObjectPool<T>::get
FN:231,ObjectPool<T>::put
FN:238,ObjectPool<T>::stats
FN:244,<impl Default for ObjectPool<T>>::default
FNF:24
FNDA:3,YamlProfiler::new
FNDA:0,YamlProfiler::is_enabled
FNDA:2,YamlProfiler::enable
FNDA:1,YamlProfiler::disable
FNDA:2,YamlProfiler::time_operation
FNDA:1,YamlProfiler::record_memory
FNDA:2,YamlProfiler::average_time
FNDA:1,YamlProfiler::total_time
FNDA:1,YamlProfiler::memory_usage
FNDA:0,YamlProfiler::operations
FNDA:0,YamlProfiler::clear
FNDA:0,YamlProfiler::report
FNDA:0,<impl Default for YamlProfiler>::default
FNDA:1,StringInterner::new
FNDA:2,StringInterner::intern
FNDA:0,StringInterner::contains
FNDA:0,StringInterner::stats
FNDA:0,<impl Default for StringInterner>::default
FNDA:1,ObjectPool<T>::new
FNDA:0,ObjectPool<T>::with_capacity
FNDA:2,ObjectPool<T>::get
FNDA:1,ObjectPool<T>::put
FNDA:0,ObjectPool<T>::stats
FNDA:0,<impl Default for ObjectPool<T>>::default
DA:16,3
DA:18,6
DA:19,6
DA:20,3
DA:25,0
DA:26,0
DA:30,2
DA:31,2
DA:35,1
DA:36,1
DA:40,2
DA:44,2
DA:45,1
DA:48,2
DA:49,2
DA:50,3
DA:52,2
DA:53,3
DA:54,1
DA:55,2
DA:57,1
DA:61,1
DA:62,1
DA:63,0
DA:66,5
DA:70,2
DA:71,8
DA:73,0
DA:81,1
DA:82,4
DA:87,1
DA:88,4
DA:92,0
DA:93,0
DA:94,0
DA:95,0
DA:99,0
DA:100,0
DA:101,0
DA:105,0
DA:106,0
DA:107,0
DA:110,0
DA:111,0
DA:113,0
DA:114,0
DA:116,0
DA:117,0
DA:120,0
DA:121,0
DA:124,0
DA:125,0
DA:128,0
DA:129,0
DA:132,0
DA:135,0
DA:140,0
DA:141,0
DA:154,1
DA:156,1
DA:162,2
DA:163,2
DA:164,0
DA:169,2
DA:173,0
DA:174,0
DA:175,0
DA:177,0
DA:181,0
DA:182,0
DA:183,0
DA:184,0
DA:189,0
DA:190,0
DA:203,1
DA:205,1
DA:211,0
DA:213,0
DA:219,2
DA:223,4
DA:224,1
DA:226,1
DA:231,1
DA:232,2
DA:233,2
DA:238,0
DA:239,0
DA:244,0
DA:245,0
LF:89
LH:42
end_of_record
TN:
SF:/Volumes/Development/pessoal/elioseverojunior/rust/rust-yaml/src/representer.rs
FN:22,SafeRepresenter::new
FN:28,<impl Default for SafeRepresenter>::default
FN:34,<impl Representer for SafeRepresenter>::represent
FN:40,<impl Representer for SafeRepresenter>::reset
FNF:4
FNDA:0,SafeRepresenter::new
FNDA:0,<impl Default for SafeRepresenter>::default
FNDA:0,<impl Representer for SafeRepresenter>::represent
FNDA:0,<impl Representer for SafeRepresenter>::reset
DA:22,0
DA:28,0
DA:29,0
DA:34,0
DA:37,0
DA:40,0
LF:6
LH:0
end_of_record
TN:
SF:/Volumes/Development/pessoal/elioseverojunior/rust/rust-yaml/src/resolver.rs
FN:25,BasicResolver::new
FN:35,BasicResolver::add_standard_resolvers
FN:62,BasicResolver::is_int
FN:67,BasicResolver::is_float
FN:73,<impl Default for BasicResolver>::default
FN:79,<impl Resolver for BasicResolver>::resolve_tag
FN:102,<impl Resolver for BasicResolver>::add_implicit_resolver
FN:106,<impl Resolver for BasicResolver>::reset
FNF:8
FNDA:7,BasicResolver::new
FNDA:7,BasicResolver::add_standard_resolvers
FNDA:3,BasicResolver::is_int
FNDA:2,BasicResolver::is_float
FNDA:0,<impl Default for BasicResolver>::default
FNDA:9,<impl Resolver for BasicResolver>::resolve_tag
FNDA:1,<impl Resolver for BasicResolver>::add_implicit_resolver
FNDA:0,<impl Resolver for BasicResolver>::reset
DA:25,7
DA:27,7
DA:31,14
DA:32,7
DA:35,7
DA:37,7
DA:38,35
DA:39,7
DA:40,35
DA:41,7
DA:42,35
DA:43,7
DA:44,35
DA:45,7
DA:46,35
DA:47,7
DA:48,35
DA:51,7
DA:52,35
DA:53,7
DA:54,35
DA:55,7
DA:56,35
DA:57,7
DA:58,35
DA:62,3
DA:63,6
DA:67,2
DA:68,4
DA:73,0
DA:74,0
DA:79,9
DA:80,9
DA:81,1
DA:85,21
DA:90,9
DA:91,1
DA:95,1
DA:102,1
DA:103,4
DA:106,0
LF:41
LH:38
end_of_record
TN:
SF:/Volumes/Development/pessoal/elioseverojunior/rust/rust-yaml/src/scanner/mod.rs
FN:59,BasicScanner::new
FN:88,BasicScanner::new_eager
FN:95,BasicScanner::new_with_comments
FN:102,BasicScanner::new_eager_with_comments
FN:109,BasicScanner::detected_indent_style
FN:114,BasicScanner::advance
FN:138,BasicScanner::skip_whitespace
FN:149,BasicScanner::handle_indentation
FN:229,BasicScanner::analyze_indentation_pattern
FN:280,BasicScanner::detect_space_indentation_width
FN:305,BasicScanner::is_valid_indentation_level
FN:319,BasicScanner::validate_indentation_consistency
FN:344,BasicScanner::is_plain_scalar_start
FN:353,BasicScanner::is_yaml_bool
FN:378,BasicScanner::is_yaml_null
FN:383,BasicScanner::normalize_scalar
FN:400,BasicScanner::scan_number
FN:441,BasicScanner::scan_plain_scalar
FN:493,BasicScanner::scan_quoted_string
FN:554,BasicScanner::scan_document_start
FN:576,BasicScanner::scan_document_end
FN:598,BasicScanner::scan_comment
FN:628,BasicScanner::process_line
FN:921,BasicScanner::scan_next_token
FN:962,BasicScanner::scan_all_tokens
FN:1000,BasicScanner::peek_char
FN:1022,BasicScanner::scan_anchor
FN:1046,BasicScanner::scan_alias
FN:1066,BasicScanner::scan_identifier
FN:1082,BasicScanner::scan_literal_block_scalar
FN:1112,BasicScanner::scan_folded_block_scalar
FN:1142,BasicScanner::scan_block_scalar_header
FN:1204,BasicScanner::skip_to_next_line
FN:1221,BasicScanner::find_block_scalar_indent
FN:1256,BasicScanner::count_line_indent
FN:1281,BasicScanner::collect_literal_block_content
FN:1331,BasicScanner::collect_folded_block_content
FN:1394,BasicScanner::scan_tag
FN:1431,BasicScanner::normalize_tag
FN:1456,BasicScanner::check_for_mapping_ahead
FN:1481,BasicScanner::check_active_mapping_at_level
FN:1513,<impl Scanner for BasicScanner>::check_token
FN:1518,<impl Scanner for BasicScanner>::peek_token
FN:1524,<impl Scanner for BasicScanner>::get_token
FN:1539,<impl Scanner for BasicScanner>::reset
FN:1553,<impl Scanner for BasicScanner>::position
FN:1557,<impl Scanner for BasicScanner>::input
FNF:47
FNDA:98,BasicScanner::new
FNDA:77,BasicScanner::new_eager
FNDA:0,BasicScanner::new_with_comments
FNDA:0,BasicScanner::new_eager_with_comments
FNDA:0,BasicScanner::detected_indent_style
FNDA:4596,BasicScanner::advance
FNDA:410,BasicScanner::skip_whitespace
FNDA:232,BasicScanner::handle_indentation
FNDA:83,BasicScanner::analyze_indentation_pattern
FNDA:11,BasicScanner::detect_space_indentation_width
FNDA:0,BasicScanner::is_valid_indentation_level
FNDA:83,BasicScanner::validate_indentation_consistency
FNDA:214,BasicScanner::is_plain_scalar_start
FNDA:214,BasicScanner::is_yaml_bool
FNDA:185,BasicScanner::is_yaml_null
FNDA:214,BasicScanner::normalize_scalar
FNDA:55,BasicScanner::scan_number
FNDA:214,BasicScanner::scan_plain_scalar
FNDA:61,BasicScanner::scan_quoted_string
FNDA:2,BasicScanner::scan_document_start
FNDA:0,BasicScanner::scan_document_end
FNDA:0,BasicScanner::scan_comment
FNDA:232,BasicScanner::process_line
FNDA:42,BasicScanner::scan_next_token
FNDA:98,BasicScanner::scan_all_tokens
FNDA:157,BasicScanner::peek_char
FNDA:8,BasicScanner::scan_anchor
FNDA:9,BasicScanner::scan_alias
FNDA:17,BasicScanner::scan_identifier
FNDA:2,BasicScanner::scan_literal_block_scalar
FNDA:2,BasicScanner::scan_folded_block_scalar
FNDA:4,BasicScanner::scan_block_scalar_header
FNDA:4,BasicScanner::skip_to_next_line
FNDA:4,BasicScanner::find_block_scalar_indent
FNDA:14,BasicScanner::count_line_indent
FNDA:2,BasicScanner::collect_literal_block_content
FNDA:2,BasicScanner::collect_folded_block_content
FNDA:14,BasicScanner::scan_tag
FNDA:14,BasicScanner::normalize_tag
FNDA:201,BasicScanner::check_for_mapping_ahead
FNDA:98,BasicScanner::check_active_mapping_at_level
FNDA:890,<impl Scanner for BasicScanner>::check_token
FNDA:11,<impl Scanner for BasicScanner>::peek_token
FNDA:857,<impl Scanner for BasicScanner>::get_token
FNDA:0,<impl Scanner for BasicScanner>::reset
FNDA:76,<impl Scanner for BasicScanner>::position
FNDA:0,<impl Scanner for BasicScanner>::input
DA:59,98
DA:60,392
DA:61,294
DA:66,98
DA:67,98
DA:70,98
DA:77,98
DA:79,98
DA:81,98
DA:88,77
DA:89,231
DA:90,308
DA:91,77
DA:95,0
DA:96,0
DA:97,0
DA:98,0
DA:102,0
DA:103,0
DA:104,0
DA:105,0
DA:109,0
DA:110,0
DA:114,4596
DA:115,9192
DA:121,4028031
DA:123,4596
DA:124,4499
DA:125,4499
DA:127,97
DA:130,0
DA:134,4596
DA:138,410
DA:139,1198
DA:140,599
DA:141,189
DA:143,410
DA:149,232
DA:151,232
DA:152,0
DA:162,1072
DA:163,304
DA:164,608
DA:165,608
DA:166,304
DA:167,536
DA:168,0
DA:169,0
DA:170,0
DA:172,232
DA:177,83
DA:178,83
DA:182,178
DA:183,83
DA:185,0
DA:186,0
DA:187,0
DA:207,315
DA:208,83
DA:215,504
DA:216,40
DA:217,20
DA:218,20
DA:219,20
DA:221,232
DA:229,83
DA:236,83
DA:237,0
DA:238,0
DA:239,0
DA:240,0
DA:241,0
DA:242,0
DA:243,0
DA:249,0
DA:250,0
DA:252,0
DA:257,83
DA:258,62
DA:261,62
DA:263,93
DA:266,73
DA:267,11
DA:273,249
DA:276,83
DA:280,11
DA:281,22
DA:282,0
DA:288,33
DA:289,22
DA:290,33
DA:295,11
DA:305,0
DA:309,0
DA:314,0
DA:319,83
DA:320,166
DA:322,83
DA:323,0
DA:324,0
DA:325,0
DA:329,0
DA:330,0
DA:331,0
DA:332,0
DA:333,0
DA:334,0
DA:335,0
DA:336,0
DA:340,83
DA:344,214
DA:345,642
DA:347,0
DA:348,214
DA:353,214
DA:354,29
DA:355,214
DA:378,185
DA:379,1092
DA:383,214
DA:384,428
DA:386,29
DA:387,92
DA:388,31
DA:389,0
DA:391,185
DA:393,18
DA:395,176
DA:400,55
DA:401,110
DA:402,110
DA:405,55
DA:406,0
DA:407,0
DA:411,305
DA:412,102
DA:413,102
DA:414,102
DA:415,148
DA:416,15
DA:417,10
DA:419,23
DA:420,7
DA:421,7
DA:422,7
DA:424,4
DA:427,5
DA:429,41
DA:433,110
DA:434,110
DA:435,55
DA:436,55
DA:441,214
DA:442,428
DA:443,428
DA:445,2864
DA:448,126
DA:449,57
DA:450,876
DA:451,4
DA:452,8
DA:456,1192
DA:460,4
DA:461,9
DA:462,4
DA:463,4
DA:464,16
DA:466,4
DA:468,0
DA:469,0
DA:473,35
DA:477,1227
DA:482,642
DA:483,642
DA:485,428
DA:486,428
DA:487,214
DA:488,214
DA:493,61
DA:494,122
DA:495,122
DA:498,122
DA:499,31
DA:500,30
DA:501,0
DA:504,122
DA:506,2797
DA:508,60
DA:510,1338
DA:511,38
DA:512,38
DA:515,1
DA:516,2
DA:517,2
DA:518,4
DA:519,2
DA:520,4
DA:523,2
DA:524,2
DA:525,2
DA:526,2
DA:527,2
DA:528,2
DA:529,2
DA:530,2
DA:533,3
DA:534,9
DA:535,6
DA:541,1319
DA:542,1319
DA:546,122
DA:547,122
DA:548,61
DA:549,61
DA:554,2
DA:555,2
DA:556,2
DA:557,2
DA:558,10
DA:560,4
DA:561,4
DA:562,4
DA:563,4
DA:565,4
DA:566,4
DA:567,2
DA:568,2
DA:571,0
DA:576,0
DA:577,0
DA:578,0
DA:579,0
DA:580,0
DA:582,0
DA:583,0
DA:584,0
DA:585,0
DA:587,0
DA:588,0
DA:589,0
DA:590,0
DA:593,0
DA:598,0
DA:599,0
DA:600,0
DA:603,0
DA:604,0
DA:608,0
DA:609,0
DA:610,0
DA:617,0
DA:619,0
DA:620,0
DA:621,0
DA:622,0
DA:628,232
DA:630,232
DA:631,464
DA:635,232
DA:638,0
DA:640,10
DA:642,0
DA:646,485
DA:647,233
DA:648,9
DA:653,10
DA:656,30
DA:657,15
DA:659,207
DA:663,1881
DA:664,214
DA:665,142
DA:666,178
DA:667,178
DA:670,2
DA:672,0
DA:676,84
DA:677,40
DA:678,2
DA:683,2
DA:687,9
DA:688,27
DA:689,27
DA:690,18
DA:691,18
DA:692,36
DA:695,18
DA:696,18
DA:697,18
DA:698,9
DA:700,9
DA:701,45
DA:703,13
DA:704,39
DA:705,39
DA:706,26
DA:707,26
DA:708,52
DA:711,30
DA:712,30
DA:713,28
DA:714,13
DA:716,15
DA:717,75
DA:719,19
DA:720,57
DA:721,57
DA:722,38
DA:723,76
DA:727,142
DA:728,426
DA:729,426
DA:730,284
DA:731,568
DA:735,0
DA:736,0
DA:737,0
DA:744,0
DA:745,0
DA:746,0
DA:747,0
DA:748,0
DA:757,15
DA:758,75
DA:759,15
DA:767,4
DA:769,16
DA:770,8
DA:771,12
DA:772,13
DA:775,18
DA:776,9
DA:779,84
DA:780,74
DA:781,75
DA:787,83
DA:789,10
DA:790,1
DA:791,1
DA:801,90
DA:805,93
DA:810,2
DA:811,12
DA:813,2
DA:815,0
DA:816,0
DA:820,0
DA:821,0
DA:823,0
DA:824,0
DA:830,608
DA:831,304
DA:833,55
DA:839,16
DA:843,27
DA:849,6
DA:853,6
DA:859,42
DA:864,642
DA:866,214
DA:867,603
DA:868,201
DA:869,248
DA:875,248
DA:877,26
DA:878,98
DA:881,98
DA:882,294
DA:883,98
DA:886,0
DA:889,177
DA:891,212
DA:892,212
DA:893,53
DA:894,53
DA:900,642
DA:905,0
DA:917,207
DA:921,42
DA:922,42
DA:923,0
DA:928,21
DA:929,84
DA:930,21
DA:935,0
DA:936,0
DA:937,0
DA:938,0
DA:940,0
DA:941,0
DA:943,0
DA:944,0
DA:951,0
DA:954,21
DA:955,0
DA:962,98
DA:964,98
DA:965,98
DA:966,98
DA:967,119
DA:969,77
DA:970,77
DA:973,660
DA:974,464
DA:977,703
DA:978,303
DA:979,168
DA:981,135
DA:987,172
DA:988,37
DA:989,37
DA:990,37
DA:993,98
DA:1000,157
DA:1001,628
DA:1002,314
DA:1004,46349
DA:1007,310
DA:1008,310
DA:1009,155
DA:1011,2
DA:1012,4
DA:1013,4
DA:1014,2
DA:1016,0
DA:1022,8
DA:1023,16
DA:1024,16
DA:1026,24
DA:1028,0
DA:1029,0
DA:1031,0
DA:1032,0
DA:1033,0
DA:1034,0
DA:1046,9
DA:1047,18
DA:1048,18
DA:1050,27
DA:1052,0
DA:1053,0
DA:1055,0
DA:1056,0
DA:1057,0
DA:1058,0
DA:1066,17
DA:1067,34
DA:1069,224
DA:1070,133
DA:1071,95
DA:1072,95
DA:1074,17
DA:1078,17
DA:1082,2
DA:1083,4
DA:1084,4
DA:1087,6
DA:1090,0
DA:1093,2
DA:1094,2
DA:1098,6
DA:1102,2
DA:1112,2
DA:1113,4
DA:1114,4
DA:1117,6
DA:1120,0
DA:1123,2
DA:1124,2
DA:1128,6
DA:1132,2
DA:1142,4
DA:1143,8
DA:1144,12
DA:1147,8
DA:1149,0
DA:1150,0
DA:1151,0
DA:1153,0
DA:1154,0
DA:1155,0
DA:1157,0
DA:1158,0
DA:1159,0
DA:1160,0
DA:1162,0
DA:1164,0
DA:1165,0
DA:1166,0
DA:1167,0
DA:1173,0
DA:1174,0
DA:1178,0
DA:1180,0
DA:1181,0
DA:1184,0
DA:1186,4
DA:1188,0
DA:1200,4
DA:1204,4
DA:1205,8
DA:1208,4
DA:1211,0
DA:1212,0
DA:1214,0
DA:1217,4
DA:1221,4
DA:1222,8
DA:1223,8
DA:1225,8
DA:1228,196
DA:1230,94
DA:1231,4
DA:1234,4
DA:1235,4
DA:1236,4
DA:1237,4
DA:1238,4
DA:1249,4
DA:1250,4
DA:1252,4
DA:1256,14
DA:1257,28
DA:1258,28
DA:1259,28
DA:1261,116
DA:1262,44
DA:1263,88
DA:1264,44
DA:1265,58
DA:1266,0
DA:1267,0
DA:1269,14
DA:1274,14
DA:1275,14
DA:1277,14
DA:1281,2
DA:1286,4
DA:1288,4
DA:1289,4
DA:1293,20
DA:1294,10
DA:1300,134
DA:1301,63
DA:1302,4
DA:1310,1
DA:1312,1
DA:1317,2
DA:1318,2
DA:1323,1
DA:1327,2
DA:1331,2
DA:1336,4
DA:1337,4
DA:1338,4
DA:1340,6
DA:1341,6
DA:1345,36
DA:1346,18
DA:1352,332
DA:1353,160
DA:1354,6
DA:1362,0
DA:1363,0
DA:1370,0
DA:1371,0
DA:1373,0
DA:1376,14
DA:1377,4
DA:1386,2
DA:1390,2
DA:1394,14
DA:1395,28
DA:1396,28
DA:1398,28
DA:1401,26
DA:1402,36
DA:1403,12
DA:1407,134
DA:1408,53
DA:1410,14
DA:1412,159
DA:1416,0
DA:1421,56
DA:1423,28
DA:1424,28
DA:1425,14
DA:1426,14
DA:1431,14
DA:1432,14
DA:1433,44
DA:1434,38
DA:1435,29
DA:1436,24
DA:1437,13
DA:1438,10
DA:1439,7
DA:1440,3
DA:1441,3
DA:1442,3
DA:1443,3
DA:1446,1
DA:1447,0
DA:1449,1
DA:1456,201
DA:1457,804
DA:1458,402
DA:1460,59709
DA:1463,1397
DA:1464,2794
DA:1465,1397
DA:1468,125
DA:1469,248
DA:1471,58
DA:1472,1214
DA:1476,76
DA:1481,98
DA:1482,196
DA:1483,294
DA:1486,1352
DA:1487,1156
DA:1489,129
DA:1493,71
DA:1497,58
DA:1498,58
DA:1502,27
DA:1504,942
DA:1508,27
DA:1513,890
DA:1515,1877
DA:1518,11
DA:1521,22
DA:1524,857
DA:1526,1758
DA:1527,84
DA:1530,857
DA:1531,2565
DA:1532,855
DA:1533,855
DA:1535,2
DA:1539,0
DA:1540,0
DA:1541,0
DA:1542,0
DA:1543,0
DA:1544,0
DA:1545,0
DA:1546,0
DA:1547,0
DA:1548,0
DA:1549,0
DA:1550,0
DA:1553,76
DA:1554,76
DA:1557,0
DA:1558,0
LF:656
LH:485
end_of_record
TN:
SF:/Volumes/Development/pessoal/elioseverojunior/rust/rust-yaml/src/scanner/tokens.rs
FN:98,Token::new
FN:111,Token::simple
FN:116,Token::token_type
FN:121,Token::start_position
FN:126,Token::end_position
FN:131,Token::is_scalar
FN:141,Token::as_scalar
FN:151,Token::as_scalar_with_style
FN:161,Token::is_flow_collection_start
FN:169,Token::is_flow_collection_end
FN:177,Token::is_block_collection_start
FN:185,Token::is_document_boundary
FN:194,<impl Display for Token>::fmt
FN:223,<impl Display for TokenType>::fmt
FNF:14
FNDA:904,Token::new
FNDA:316,Token::simple
FNDA:0,Token::token_type
FNDA:1,Token::start_position
FNDA:1,Token::end_position
FNDA:4,Token::is_scalar
FNDA:1,Token::as_scalar
FNDA:0,Token::as_scalar_with_style
FNDA:2,Token::is_flow_collection_start
FNDA:0,Token::is_flow_collection_end
FNDA:0,Token::is_block_collection_start
FNDA:1,Token::is_document_boundary
FNDA:2,<impl Display for Token>::fmt
FNDA:3,<impl Display for TokenType>::fmt
DA:98,904
DA:111,316
DA:112,1264
DA:116,0
DA:117,0
DA:121,1
DA:122,1
DA:126,1
DA:127,1
DA:131,4
DA:132,2
DA:133,4
DA:141,1
DA:142,1
DA:143,1
DA:144,0
DA:145,1
DA:146,0
DA:151,0
DA:152,0
DA:153,0
DA:154,0
DA:155,0
DA:156,0
DA:161,2
DA:162,1
DA:163,2
DA:169,0
DA:170,0
DA:171,0
DA:177,0
DA:178,0
DA:179,0
DA:185,1
DA:186,0
DA:187,1
DA:194,2
DA:195,2
DA:196,0
DA:197,0
DA:198,0
DA:199,0
DA:200,0
DA:201,0
DA:202,0
DA:203,3
DA:204,0
DA:205,0
DA:206,0
DA:207,0
DA:208,0
DA:209,0
DA:210,0
DA:211,5
DA:212,0
DA:213,0
DA:214,0
DA:215,0
DA:216,0
DA:217,0
DA:223,3
DA:224,3
DA:225,1
DA:226,0
DA:227,0
DA:228,0
DA:229,0
DA:230,0
DA:231,0
DA:232,3
DA:233,0
DA:234,0
DA:235,0
DA:236,0
DA:237,0
DA:238,0
DA:239,0
DA:240,5
DA:241,0
DA:242,0
DA:243,0
DA:244,0
DA:245,0
DA:246,0
LF:84
LH:28
end_of_record
TN:
SF:/Volumes/Development/pessoal/elioseverojunior/rust/rust-yaml/src/serializer.rs
FN:22,BasicSerializer::new
FN:28,<impl Default for BasicSerializer>::default
FN:34,<impl Serializer for BasicSerializer>::serialize
FN:39,<impl Serializer for BasicSerializer>::reset
FNF:4
FNDA:0,BasicSerializer::new
FNDA:0,<impl Default for BasicSerializer>::default
FNDA:0,<impl Serializer for BasicSerializer>::serialize
FNDA:0,<impl Serializer for BasicSerializer>::reset
DA:22,0
DA:28,0
DA:29,0
DA:34,0
DA:36,0
DA:39,0
LF:6
LH:0
end_of_record
TN:
SF:/Volumes/Development/pessoal/elioseverojunior/rust/rust-yaml/src/value.rs
FN:21,Comments::new
FN:30,Comments::is_empty
FN:35,Comments::add_leading
FN:40,Comments::set_trailing
FN:45,Comments::add_inner
FN:51,<impl Default for Comments>::default
FN:66,<impl Default for IndentStyle>::default
FN:82,Style::new
FN:90,Style::with_quote_style
FN:98,Style::with_indent_style
FN:106,Style::with_styles
FN:114,Style::is_empty
FN:120,<impl Default for Style>::default
FN:138,CommentedValue::new
FN:147,CommentedValue::with_leading_comments
FN:154,CommentedValue::with_trailing_comment
FN:161,CommentedValue::add_leading_comment
FN:166,CommentedValue::set_trailing_comment
FN:171,CommentedValue::has_comments
FN:176,CommentedValue::with_quote_style
FN:185,CommentedValue::set_quote_style
FN:190,CommentedValue::quote_style
FN:195,CommentedValue::has_style
FN:200,CommentedValue::set_indent_style
FN:205,CommentedValue::indent_style
FN:210,CommentedValue::with_indent_style
FN:220,<impl From for CommentedValue>::from
FN:246,Value::null
FN:251,Value::bool
FN:256,Value::int
FN:261,Value::float
FN:266,Value::string
FN:271,Value::sequence
FN:276,Value::sequence_with
FN:281,Value::mapping
FN:286,Value::mapping_with
FN:295,Value::type_name
FN:308,Value::is_null
FN:313,Value::is_bool
FN:318,Value::is_int
FN:323,Value::is_float
FN:328,Value::is_string
FN:333,Value::is_sequence
FN:338,Value::is_mapping
FN:343,Value::is_number
FN:348,Value::len
FN:357,Value::is_empty
FN:367,Value::as_bool
FN:375,Value::as_int
FN:383,Value::as_float
FN:392,Value::as_str
FN:400,Value::as_sequence
FN:408,Value::as_sequence_mut
FN:416,Value::as_mapping
FN:424,Value::as_mapping_mut
FN:432,Value::get
FN:447,Value::get_str
FN:455,Value::get_index
FN:463,Value::get_mut
FN:483,<impl Hash for Value>::hash
FN:526,<impl Display for Value>::fmt
FN:613,<impl From for Value>::from
FN:624,<impl Serialize for Value>::serialize
FNF:63
FNDA:0,Comments::new
FNDA:0,Comments::is_empty
FNDA:0,Comments::add_leading
FNDA:0,Comments::set_trailing
FNDA:0,Comments::add_inner
FNDA:0,<impl Default for Comments>::default
FNDA:6,<impl Default for IndentStyle>::default
FNDA:0,Style::new
FNDA:0,Style::with_quote_style
FNDA:0,Style::with_indent_style
FNDA:0,Style::with_styles
FNDA:0,Style::is_empty
FNDA:0,<impl Default for Style>::default
FNDA:0,CommentedValue::new
FNDA:0,CommentedValue::with_leading_comments
FNDA:0,CommentedValue::with_trailing_comment
FNDA:0,CommentedValue::add_leading_comment
FNDA:0,CommentedValue::set_trailing_comment
FNDA:0,CommentedValue::has_comments
FNDA:0,CommentedValue::with_quote_style
FNDA:0,CommentedValue::set_quote_style
FNDA:0,CommentedValue::quote_style
FNDA:0,CommentedValue::has_style
FNDA:0,CommentedValue::set_indent_style
FNDA:0,CommentedValue::indent_style
FNDA:0,CommentedValue::with_indent_style
FNDA:0,<impl From for CommentedValue>::from
FNDA:3,Value::null
FNDA:4,Value::bool
FNDA:12,Value::int
FNDA:7,Value::float
FNDA:9,Value::string
FNDA:1,Value::sequence
FNDA:0,Value::sequence_with
FNDA:1,Value::mapping
FNDA:0,Value::mapping_with
FNDA:0,Value::type_name
FNDA:1,Value::is_null
FNDA:2,Value::is_bool
FNDA:2,Value::is_int
FNDA:0,Value::is_float
FNDA:1,Value::is_string
FNDA:1,Value::is_sequence
FNDA:1,Value::is_mapping
FNDA:0,Value::is_number
FNDA:0,Value::len
FNDA:0,Value::is_empty
FNDA:2,Value::as_bool
FNDA:2,Value::as_int
FNDA:1,Value::as_float
FNDA:1,Value::as_str
FNDA:1,Value::as_sequence
FNDA:0,Value::as_sequence_mut
FNDA:1,Value::as_mapping
FNDA:0,Value::as_mapping_mut
FNDA:2,Value::get
FNDA:0,Value::get_str
FNDA:0,Value::get_index
FNDA:0,Value::get_mut
FNDA:494,<impl Hash for Value>::hash
FNDA:4,<impl Display for Value>::fmt
FNDA:0,<impl From for Value>::from
FNDA:0,<impl Serialize for Value>::serialize
DA:21,0
DA:23,0
DA:25,0
DA:30,0
DA:31,0
DA:35,0
DA:36,0
DA:40,0
DA:41,0
DA:45,0
DA:46,0
DA:51,0
DA:52,0
DA:66,6
DA:67,6
DA:82,0
DA:90,0
DA:92,0
DA:98,0
DA:101,0
DA:106,0
DA:108,0
DA:109,0
DA:114,0
DA:115,0
DA:120,0
DA:121,0
DA:138,0
DA:141,0
DA:142,0
DA:147,0
DA:148,0
DA:149,0
DA:150,0
DA:154,0
DA:155,0
DA:156,0
DA:157,0
DA:161,0
DA:162,0
DA:166,0
DA:167,0
DA:171,0
DA:172,0
DA:176,0
DA:179,0
DA:180,0
DA:185,0
DA:186,0
DA:190,0
DA:191,0
DA:195,0
DA:196,0
DA:200,0
DA:201,0
DA:205,0
DA:206,0
DA:210,0
DA:213,0
DA:214,0
DA:220,0
DA:221,0
DA:246,3
DA:247,3
DA:251,4
DA:252,4
DA:256,12
DA:257,12
DA:261,7
DA:262,7
DA:266,9
DA:267,9
DA:271,1
DA:272,1
DA:276,0
DA:277,0
DA:281,1
DA:282,1
DA:286,0
DA:287,0
DA:288,0
DA:289,0
DA:291,0
DA:295,0
DA:296,0
DA:297,0
DA:298,0
DA:299,0
DA:300,0
DA:301,0
DA:302,0
DA:303,0
DA:308,1
DA:309,1
DA:313,2
DA:314,3
DA:318,2
DA:319,3
DA:323,0
DA:324,0
DA:328,1
DA:329,1
DA:333,1
DA:334,1
DA:338,1
DA:339,1
DA:343,0
DA:344,0
DA:348,0
DA:349,0
DA:350,0
DA:351,0
DA:352,0
DA:357,0
DA:358,0
DA:359,0
DA:360,0
DA:361,0
DA:362,0
DA:367,2
DA:368,2
DA:369,1
DA:370,1
DA:375,2
DA:376,2
DA:377,1
DA:378,1
DA:383,1
DA:384,1
DA:385,2
DA:386,0
DA:387,0
DA:392,1
DA:393,1
DA:394,1
DA:395,0
DA:400,1
DA:401,1
DA:402,1
DA:403,0
DA:408,0
DA:409,0
DA:410,0
DA:411,0
DA:416,1
DA:417,1
DA:418,1
DA:419,0
DA:424,0
DA:425,0
DA:426,0
DA:427,0
DA:432,2
DA:433,4
DA:434,1
DA:435,2
DA:436,2
DA:438,0
DA:441,5
DA:442,0
DA:447,0
DA:448,0
DA:449,0
DA:450,0
DA:455,0
DA:456,0
DA:457,0
DA:458,0
DA:463,0
DA:464,0
DA:465,0
DA:466,0
DA:467,0
DA:469,0
DA:472,0
DA:473,0
DA:483,494
DA:484,494
DA:485,0
DA:486,26
DA:487,52
DA:488,26
DA:490,104
DA:491,208
DA:492,104
DA:494,5
DA:495,15
DA:497,10
DA:498,0
DA:499,5
DA:500,0
DA:502,5
DA:505,732
DA:506,1464
DA:507,732
DA:509,32
DA:510,64
DA:511,32
DA:513,42
DA:514,126
DA:516,187
DA:517,0
DA:518,0
DA:526,4
DA:527,4
DA:528,1
DA:529,4
DA:530,4
DA:531,0
DA:532,4
DA:533,0
DA:534,0
DA:535,0
DA:536,0
DA:537,0
DA:539,0
DA:541,0
DA:543,0
DA:544,0
DA:545,0
DA:546,0
DA:547,0
DA:549,0
DA:551,0
DA:559,0
DA:560,0
DA:565,1
DA:566,1
DA:571,1
DA:572,1
DA:577,1
DA:578,1
DA:583,1
DA:584,1
DA:589,0
DA:590,0
DA:595,1
DA:596,1
DA:601,1
DA:602,1
DA:607,0
DA:608,0
DA:613,0
DA:614,0
DA:624,0
DA:625,0
DA:626,0
DA:627,0
DA:628,0
DA:629,0
DA:630,0
DA:631,0
LF:252
LH:94
end_of_record
TN:
SF:/Volumes/Development/pessoal/elioseverojunior/rust/rust-yaml/src/yaml.rs
FN:62,<impl Default for YamlConfig>::default
FN:81,<impl Default for IndentConfig>::default
FN:99,Yaml::new
FN:106,Yaml::with_loader
FN:113,Yaml::with_config
FN:118,Yaml::config
FN:123,Yaml::config_mut
FN:128,Yaml::load_str
FN:133,Yaml::load
FN:143,Yaml::load_all_str
FN:148,Yaml::load_all
FN:158,Yaml::dump_str
FN:165,Yaml::dump
FN:172,Yaml::dump_all_str
FN:179,Yaml::dump_all
FN:191,Yaml::parse_yaml_string
FN:207,Yaml::parse_yaml_documents
FN:229,Yaml::emit_yaml_value
FN:238,<impl Default for Yaml>::default
FNF:19
FNDA:14,<impl Default for YamlConfig>::default
FNDA:14,<impl Default for IndentConfig>::default
FNDA:13,Yaml::new
FNDA:1,Yaml::with_loader
FNDA:0,Yaml::with_config
FNDA:4,Yaml::config
FNDA:2,Yaml::config_mut
FNDA:29,Yaml::load_str
FNDA:29,Yaml::load
FNDA:1,Yaml::load_all_str
FNDA:1,Yaml::load_all
FNDA:27,Yaml::dump_str
FNDA:27,Yaml::dump
FNDA:0,Yaml::dump_all_str
FNDA:0,Yaml::dump_all
FNDA:29,Yaml::parse_yaml_string
FNDA:1,Yaml::parse_yaml_documents
FNDA:27,Yaml::emit_yaml_value
FNDA:0,<impl Default for Yaml>::default
DA:62,14
DA:69,42
DA:72,14
DA:74,14
DA:81,14
DA:99,13
DA:101,13
DA:106,1
DA:107,2
DA:108,1
DA:113,0
DA:118,4
DA:119,4
DA:123,2
DA:124,2
DA:128,29
DA:129,116
DA:133,29
DA:134,58
DA:135,87
DA:139,29
DA:143,1
DA:144,4
DA:148,1
DA:149,2
DA:150,3
DA:154,1
DA:158,27
DA:159,54
DA:160,108
DA:161,27
DA:165,27
DA:168,108
DA:172,0
DA:173,0
DA:174,0
DA:175,0
DA:179,0
DA:180,0
DA:181,0
DA:182,0
DA:184,0
DA:186,0
DA:191,29
DA:193,29
DA:195,29
DA:196,29
DA:201,0
DA:202,0
DA:207,1
DA:210,4
DA:211,2
DA:214,8
DA:215,9
DA:218,0
DA:222,1
DA:223,0
DA:229,27
DA:231,81
DA:232,108
DA:233,27
DA:238,0
DA:239,0
LF:63
LH:46
end_of_record
